<?xml version="1.0" encoding="UTF-8"?>
<!-- Generated by org.testng.reporters.JUnitReportReporter -->
<testsuite hostname="Tech-ka-MacBook-Pro.local" failures="0" tests="1" name="testCases.TC001" time="4.512" errors="0" timestamp="2023-09-18T12:19:08 IST" skipped="0">
  <testcase classname="testCases.TC001" name="testToogleButton" time="4.512"/>
</testsuite> <!-- testCases.TC001 -->
